[2025-09-28T18:57:54.359+0000] {processor.py:186} INFO - Started process (PID=48) to work on /opt/airflow/dags/lic_processing_dag.py
[2025-09-28T18:57:54.361+0000] {processor.py:914} INFO - Processing file /opt/airflow/dags/lic_processing_dag.py for tasks to queue
[2025-09-28T18:57:54.367+0000] {logging_mixin.py:190} INFO - [2025-09-28T18:57:54.366+0000] {dagbag.py:588} INFO - Filling up the DagBag from /opt/airflow/dags/lic_processing_dag.py
[2025-09-28T18:57:54.453+0000] {logging_mixin.py:190} INFO - Warning: utils.pdf_extractor not found. Creating mock functions.
[2025-09-28T18:57:54.493+0000] {processor.py:925} INFO - DAG(s) 'lic_receipt_processing' retrieved from /opt/airflow/dags/lic_processing_dag.py
[2025-09-28T18:57:55.485+0000] {logging_mixin.py:190} INFO - [2025-09-28T18:57:55.483+0000] {override.py:1912} INFO - Created Permission View: can delete on DAG:lic_receipt_processing
[2025-09-28T18:57:55.521+0000] {logging_mixin.py:190} INFO - [2025-09-28T18:57:55.521+0000] {override.py:1912} INFO - Created Permission View: can edit on DAG:lic_receipt_processing
[2025-09-28T18:57:55.541+0000] {logging_mixin.py:190} INFO - [2025-09-28T18:57:55.540+0000] {override.py:1912} INFO - Created Permission View: can read on DAG:lic_receipt_processing
[2025-09-28T18:57:55.559+0000] {logging_mixin.py:190} INFO - [2025-09-28T18:57:55.558+0000] {override.py:1912} INFO - Created Permission View: can delete on DAG Run:lic_receipt_processing
[2025-09-28T18:57:55.578+0000] {logging_mixin.py:190} INFO - [2025-09-28T18:57:55.577+0000] {override.py:1912} INFO - Created Permission View: can create on DAG Run:lic_receipt_processing
[2025-09-28T18:57:55.595+0000] {logging_mixin.py:190} INFO - [2025-09-28T18:57:55.595+0000] {override.py:1912} INFO - Created Permission View: menu access on DAG Run:lic_receipt_processing
[2025-09-28T18:57:55.612+0000] {logging_mixin.py:190} INFO - [2025-09-28T18:57:55.612+0000] {override.py:1912} INFO - Created Permission View: can read on DAG Run:lic_receipt_processing
[2025-09-28T18:57:55.614+0000] {logging_mixin.py:190} INFO - [2025-09-28T18:57:55.613+0000] {dag.py:3239} INFO - Sync 1 DAGs
[2025-09-28T18:57:55.672+0000] {logging_mixin.py:190} INFO - [2025-09-28T18:57:55.672+0000] {dag.py:3262} INFO - Creating ORM DAG for lic_receipt_processing
[2025-09-28T18:57:55.675+0000] {logging_mixin.py:190} INFO - [2025-09-28T18:57:55.675+0000] {dag.py:4180} INFO - Setting next_dagrun for lic_receipt_processing to None, run_after=None
[2025-09-28T18:57:55.753+0000] {processor.py:208} INFO - Processing /opt/airflow/dags/lic_processing_dag.py took 1.413 seconds
[2025-09-28T18:58:26.801+0000] {processor.py:186} INFO - Started process (PID=56) to work on /opt/airflow/dags/lic_processing_dag.py
[2025-09-28T18:58:27.205+0000] {processor.py:914} INFO - Processing file /opt/airflow/dags/lic_processing_dag.py for tasks to queue
[2025-09-28T18:58:27.413+0000] {logging_mixin.py:190} INFO - [2025-09-28T18:58:27.403+0000] {dagbag.py:588} INFO - Filling up the DagBag from /opt/airflow/dags/lic_processing_dag.py
[2025-09-28T18:58:27.615+0000] {logging_mixin.py:190} INFO - Warning: utils.pdf_extractor not found. Creating mock functions.
[2025-09-28T18:58:27.782+0000] {processor.py:925} INFO - DAG(s) 'lic_receipt_processing' retrieved from /opt/airflow/dags/lic_processing_dag.py
[2025-09-28T18:58:28.204+0000] {logging_mixin.py:190} INFO - [2025-09-28T18:58:28.204+0000] {dag.py:3239} INFO - Sync 1 DAGs
[2025-09-28T18:58:28.651+0000] {logging_mixin.py:190} INFO - [2025-09-28T18:58:28.651+0000] {dag.py:4180} INFO - Setting next_dagrun for lic_receipt_processing to None, run_after=None
[2025-09-28T18:58:28.891+0000] {processor.py:208} INFO - Processing /opt/airflow/dags/lic_processing_dag.py took 2.257 seconds
[2025-09-28T18:58:59.887+0000] {processor.py:186} INFO - Started process (PID=57) to work on /opt/airflow/dags/lic_processing_dag.py
[2025-09-28T18:58:59.888+0000] {processor.py:914} INFO - Processing file /opt/airflow/dags/lic_processing_dag.py for tasks to queue
[2025-09-28T18:58:59.971+0000] {logging_mixin.py:190} INFO - [2025-09-28T18:58:59.969+0000] {dagbag.py:588} INFO - Filling up the DagBag from /opt/airflow/dags/lic_processing_dag.py
[2025-09-28T18:59:00.044+0000] {logging_mixin.py:190} INFO - Warning: utils.pdf_extractor not found. Creating mock functions.
[2025-09-28T18:59:00.065+0000] {processor.py:925} INFO - DAG(s) 'lic_receipt_processing' retrieved from /opt/airflow/dags/lic_processing_dag.py
[2025-09-28T18:59:00.218+0000] {logging_mixin.py:190} INFO - [2025-09-28T18:59:00.217+0000] {dag.py:3239} INFO - Sync 1 DAGs
[2025-09-28T18:59:00.267+0000] {logging_mixin.py:190} INFO - [2025-09-28T18:59:00.266+0000] {dag.py:4180} INFO - Setting next_dagrun for lic_receipt_processing to None, run_after=None
[2025-09-28T18:59:00.344+0000] {processor.py:208} INFO - Processing /opt/airflow/dags/lic_processing_dag.py took 0.477 seconds
[2025-09-28T18:59:31.015+0000] {processor.py:186} INFO - Started process (PID=65) to work on /opt/airflow/dags/lic_processing_dag.py
[2025-09-28T18:59:31.018+0000] {processor.py:914} INFO - Processing file /opt/airflow/dags/lic_processing_dag.py for tasks to queue
[2025-09-28T18:59:31.034+0000] {logging_mixin.py:190} INFO - [2025-09-28T18:59:31.029+0000] {dagbag.py:588} INFO - Filling up the DagBag from /opt/airflow/dags/lic_processing_dag.py
[2025-09-28T18:59:31.095+0000] {logging_mixin.py:190} INFO - Warning: utils.pdf_extractor not found. Creating mock functions.
[2025-09-28T18:59:31.141+0000] {processor.py:925} INFO - DAG(s) 'lic_receipt_processing' retrieved from /opt/airflow/dags/lic_processing_dag.py
[2025-09-28T18:59:31.271+0000] {logging_mixin.py:190} INFO - [2025-09-28T18:59:31.271+0000] {dag.py:3239} INFO - Sync 1 DAGs
[2025-09-28T18:59:31.318+0000] {logging_mixin.py:190} INFO - [2025-09-28T18:59:31.318+0000] {dag.py:4180} INFO - Setting next_dagrun for lic_receipt_processing to None, run_after=None
[2025-09-28T18:59:31.381+0000] {processor.py:208} INFO - Processing /opt/airflow/dags/lic_processing_dag.py took 0.394 seconds
[2025-09-28T19:00:01.991+0000] {processor.py:186} INFO - Started process (PID=72) to work on /opt/airflow/dags/lic_processing_dag.py
[2025-09-28T19:00:01.994+0000] {processor.py:914} INFO - Processing file /opt/airflow/dags/lic_processing_dag.py for tasks to queue
[2025-09-28T19:00:01.998+0000] {logging_mixin.py:190} INFO - [2025-09-28T19:00:01.997+0000] {dagbag.py:588} INFO - Filling up the DagBag from /opt/airflow/dags/lic_processing_dag.py
[2025-09-28T19:00:02.061+0000] {logging_mixin.py:190} INFO - Warning: utils.pdf_extractor not found. Creating mock functions.
[2025-09-28T19:00:02.075+0000] {processor.py:925} INFO - DAG(s) 'lic_receipt_processing' retrieved from /opt/airflow/dags/lic_processing_dag.py
[2025-09-28T19:00:02.136+0000] {logging_mixin.py:190} INFO - [2025-09-28T19:00:02.136+0000] {dag.py:3239} INFO - Sync 1 DAGs
[2025-09-28T19:00:02.171+0000] {logging_mixin.py:190} INFO - [2025-09-28T19:00:02.171+0000] {dag.py:4180} INFO - Setting next_dagrun for lic_receipt_processing to None, run_after=None
[2025-09-28T19:00:02.219+0000] {processor.py:208} INFO - Processing /opt/airflow/dags/lic_processing_dag.py took 0.241 seconds
[2025-09-28T19:00:32.868+0000] {processor.py:186} INFO - Started process (PID=79) to work on /opt/airflow/dags/lic_processing_dag.py
[2025-09-28T19:00:32.873+0000] {processor.py:914} INFO - Processing file /opt/airflow/dags/lic_processing_dag.py for tasks to queue
[2025-09-28T19:00:32.879+0000] {logging_mixin.py:190} INFO - [2025-09-28T19:00:32.878+0000] {dagbag.py:588} INFO - Filling up the DagBag from /opt/airflow/dags/lic_processing_dag.py
[2025-09-28T19:00:32.951+0000] {logging_mixin.py:190} INFO - Warning: utils.pdf_extractor not found. Creating mock functions.
[2025-09-28T19:00:32.967+0000] {processor.py:925} INFO - DAG(s) 'lic_receipt_processing' retrieved from /opt/airflow/dags/lic_processing_dag.py
[2025-09-28T19:00:33.033+0000] {logging_mixin.py:190} INFO - [2025-09-28T19:00:33.032+0000] {dag.py:3239} INFO - Sync 1 DAGs
[2025-09-28T19:00:33.068+0000] {logging_mixin.py:190} INFO - [2025-09-28T19:00:33.068+0000] {dag.py:4180} INFO - Setting next_dagrun for lic_receipt_processing to None, run_after=None
[2025-09-28T19:00:33.115+0000] {processor.py:208} INFO - Processing /opt/airflow/dags/lic_processing_dag.py took 0.268 seconds
[2025-09-28T19:01:03.536+0000] {processor.py:186} INFO - Started process (PID=87) to work on /opt/airflow/dags/lic_processing_dag.py
[2025-09-28T19:01:03.538+0000] {processor.py:914} INFO - Processing file /opt/airflow/dags/lic_processing_dag.py for tasks to queue
[2025-09-28T19:01:03.543+0000] {logging_mixin.py:190} INFO - [2025-09-28T19:01:03.543+0000] {dagbag.py:588} INFO - Filling up the DagBag from /opt/airflow/dags/lic_processing_dag.py
[2025-09-28T19:01:03.619+0000] {logging_mixin.py:190} INFO - Warning: utils.pdf_extractor not found. Creating mock functions.
[2025-09-28T19:01:03.634+0000] {processor.py:925} INFO - DAG(s) 'lic_receipt_processing' retrieved from /opt/airflow/dags/lic_processing_dag.py
[2025-09-28T19:01:03.694+0000] {logging_mixin.py:190} INFO - [2025-09-28T19:01:03.693+0000] {dag.py:3239} INFO - Sync 1 DAGs
[2025-09-28T19:01:03.732+0000] {logging_mixin.py:190} INFO - [2025-09-28T19:01:03.731+0000] {dag.py:4180} INFO - Setting next_dagrun for lic_receipt_processing to None, run_after=None
[2025-09-28T19:01:03.777+0000] {processor.py:208} INFO - Processing /opt/airflow/dags/lic_processing_dag.py took 0.253 seconds
