[2025-09-28T07:41:37.426+0000] {manager.py:483} INFO - Processing files using up to 2 processes at a time 
[2025-09-28T07:41:37.429+0000] {manager.py:484} INFO - Process each file at most once every 30 seconds
[2025-09-28T07:41:37.430+0000] {manager.py:485} INFO - Checking for new files in /opt/airflow/dags every 300 seconds
[2025-09-28T07:41:37.431+0000] {manager.py:821} INFO - Searching for files in /opt/airflow/dags
[2025-09-28T07:41:37.442+0000] {manager.py:824} INFO - There are 0 files in /opt/airflow/dags
[2025-09-28T07:46:37.509+0000] {manager.py:821} INFO - Searching for files in /opt/airflow/dags
[2025-09-28T07:46:37.538+0000] {manager.py:824} INFO - There are 0 files in /opt/airflow/dags
[2025-09-28T07:51:38.227+0000] {manager.py:821} INFO - Searching for files in /opt/airflow/dags
[2025-09-28T07:51:38.241+0000] {manager.py:824} INFO - There are 0 files in /opt/airflow/dags
[2025-09-28T07:56:38.909+0000] {manager.py:821} INFO - Searching for files in /opt/airflow/dags
[2025-09-28T07:56:38.917+0000] {manager.py:824} INFO - There are 0 files in /opt/airflow/dags
[2025-09-28T08:01:39.137+0000] {manager.py:821} INFO - Searching for files in /opt/airflow/dags
[2025-09-28T08:01:39.149+0000] {manager.py:824} INFO - There are 0 files in /opt/airflow/dags
[2025-09-28T08:06:30.250+0000] {manager.py:465} INFO - Exiting gracefully upon receiving signal 15
[2025-09-28T08:07:11.128+0000] {manager.py:483} INFO - Processing files using up to 2 processes at a time 
[2025-09-28T08:07:11.129+0000] {manager.py:484} INFO - Process each file at most once every 30 seconds
[2025-09-28T08:07:11.129+0000] {manager.py:485} INFO - Checking for new files in /opt/airflow/dags every 300 seconds
[2025-09-28T08:07:11.130+0000] {manager.py:821} INFO - Searching for files in /opt/airflow/dags
[2025-09-28T08:07:11.160+0000] {manager.py:824} INFO - There are 0 files in /opt/airflow/dags
[2025-09-28T08:12:11.400+0000] {manager.py:465} INFO - Exiting gracefully upon receiving signal 15
[2025-09-28T08:13:12.481+0000] {manager.py:483} INFO - Processing files using up to 2 processes at a time 
[2025-09-28T08:13:12.481+0000] {manager.py:484} INFO - Process each file at most once every 30 seconds
[2025-09-28T08:13:12.482+0000] {manager.py:485} INFO - Checking for new files in /opt/airflow/dags every 300 seconds
[2025-09-28T08:13:12.482+0000] {manager.py:821} INFO - Searching for files in /opt/airflow/dags
[2025-09-28T08:13:12.514+0000] {manager.py:824} INFO - There are 1 files in /opt/airflow/dags
[2025-09-28T08:13:12.615+0000] {manager.py:997} INFO - 
================================================================================
DAG File Processing Stats

File Path                                  PID  Runtime      # DAGs    # Errors  Last Runtime    Last Run      Last # of DB Queries
---------------------------------------  -----  ---------  --------  ----------  --------------  ----------  ----------------------
/opt/airflow/dags/lic_processing_dag.py     34  0.03s             0           0                                                   0
================================================================================
[2025-09-28T08:13:32.490+0000] {manager.py:465} INFO - Exiting gracefully upon receiving signal 15
[2025-09-28T08:15:18.997+0000] {manager.py:483} INFO - Processing files using up to 2 processes at a time 
[2025-09-28T08:15:18.999+0000] {manager.py:484} INFO - Process each file at most once every 30 seconds
[2025-09-28T08:15:19.001+0000] {manager.py:485} INFO - Checking for new files in /opt/airflow/dags every 300 seconds
[2025-09-28T08:15:19.003+0000] {manager.py:821} INFO - Searching for files in /opt/airflow/dags
[2025-09-28T08:15:19.126+0000] {manager.py:824} INFO - There are 1 files in /opt/airflow/dags
[2025-09-28T08:15:19.408+0000] {manager.py:997} INFO - 
================================================================================
DAG File Processing Stats

File Path                                  PID  Runtime      # DAGs    # Errors  Last Runtime    Last Run      Last # of DB Queries
---------------------------------------  -----  ---------  --------  ----------  --------------  ----------  ----------------------
/opt/airflow/dags/lic_processing_dag.py     42  0.08s             0           0                                                   0
================================================================================
[2025-09-28T08:15:52.961+0000] {manager.py:997} INFO - 
================================================================================
DAG File Processing Stats

File Path                                  PID  Runtime      # DAGs    # Errors  Last Runtime    Last Run               Last # of DB Queries
---------------------------------------  -----  ---------  --------  ----------  --------------  -------------------  ----------------------
/opt/airflow/dags/lic_processing_dag.py     49  2.10s             1           0  1.09s           2025-09-28T08:15:20                      43
================================================================================
[2025-09-28T08:16:26.978+0000] {manager.py:997} INFO - 
================================================================================
DAG File Processing Stats

File Path                                PID    Runtime      # DAGs    # Errors  Last Runtime    Last Run               Last # of DB Queries
---------------------------------------  -----  ---------  --------  ----------  --------------  -------------------  ----------------------
/opt/airflow/dags/lic_processing_dag.py                           1           0  0.20s           2025-09-28T08:16:24                      10
================================================================================
[2025-09-28T08:17:00.590+0000] {manager.py:997} INFO - 
================================================================================
DAG File Processing Stats

File Path                                PID    Runtime      # DAGs    # Errors  Last Runtime    Last Run               Last # of DB Queries
---------------------------------------  -----  ---------  --------  ----------  --------------  -------------------  ----------------------
/opt/airflow/dags/lic_processing_dag.py                           1           0  0.16s           2025-09-28T08:16:54                      10
================================================================================
[2025-09-28T08:17:34.129+0000] {manager.py:997} INFO - 
================================================================================
DAG File Processing Stats

File Path                                PID    Runtime      # DAGs    # Errors  Last Runtime    Last Run               Last # of DB Queries
---------------------------------------  -----  ---------  --------  ----------  --------------  -------------------  ----------------------
/opt/airflow/dags/lic_processing_dag.py                           1           0  0.28s           2025-09-28T08:17:25                      10
================================================================================
[2025-09-28T08:18:07.569+0000] {manager.py:997} INFO - 
================================================================================
DAG File Processing Stats

File Path                                PID    Runtime      # DAGs    # Errors  Last Runtime    Last Run               Last # of DB Queries
---------------------------------------  -----  ---------  --------  ----------  --------------  -------------------  ----------------------
/opt/airflow/dags/lic_processing_dag.py                           1           0  0.14s           2025-09-28T08:17:55                      10
================================================================================
[2025-09-28T08:18:41.158+0000] {manager.py:997} INFO - 
================================================================================
DAG File Processing Stats

File Path                                PID    Runtime      # DAGs    # Errors  Last Runtime    Last Run               Last # of DB Queries
---------------------------------------  -----  ---------  --------  ----------  --------------  -------------------  ----------------------
/opt/airflow/dags/lic_processing_dag.py                           1           0  0.14s           2025-09-28T08:18:26                      10
================================================================================
[2025-09-28T08:19:14.679+0000] {manager.py:997} INFO - 
================================================================================
DAG File Processing Stats

File Path                                PID    Runtime      # DAGs    # Errors  Last Runtime    Last Run               Last # of DB Queries
---------------------------------------  -----  ---------  --------  ----------  --------------  -------------------  ----------------------
/opt/airflow/dags/lic_processing_dag.py                           1           0  0.14s           2025-09-28T08:18:56                      10
================================================================================
[2025-09-28T08:19:48.310+0000] {manager.py:997} INFO - 
================================================================================
DAG File Processing Stats

File Path                                PID    Runtime      # DAGs    # Errors  Last Runtime    Last Run               Last # of DB Queries
---------------------------------------  -----  ---------  --------  ----------  --------------  -------------------  ----------------------
/opt/airflow/dags/lic_processing_dag.py                           1           0  0.17s           2025-09-28T08:19:27                      10
================================================================================
[2025-09-28T08:20:19.823+0000] {manager.py:821} INFO - Searching for files in /opt/airflow/dags
[2025-09-28T08:20:19.878+0000] {manager.py:824} INFO - There are 1 files in /opt/airflow/dags
[2025-09-28T08:20:21.912+0000] {manager.py:997} INFO - 
================================================================================
DAG File Processing Stats

File Path                                PID    Runtime      # DAGs    # Errors  Last Runtime    Last Run               Last # of DB Queries
---------------------------------------  -----  ---------  --------  ----------  --------------  -------------------  ----------------------
/opt/airflow/dags/lic_processing_dag.py                           1           0  0.19s           2025-09-28T08:19:58                      10
================================================================================
[2025-09-28T08:20:53.880+0000] {manager.py:997} INFO - 
================================================================================
DAG File Processing Stats

File Path                                PID    Runtime      # DAGs    # Errors  Last Runtime    Last Run               Last # of DB Queries
---------------------------------------  -----  ---------  --------  ----------  --------------  -------------------  ----------------------
/opt/airflow/dags/lic_processing_dag.py                           1           0  0.17s           2025-09-28T08:20:30                      10
================================================================================
[2025-09-28T08:21:28.930+0000] {manager.py:997} INFO - 
================================================================================
DAG File Processing Stats

File Path                                PID    Runtime      # DAGs    # Errors  Last Runtime    Last Run               Last # of DB Queries
---------------------------------------  -----  ---------  --------  ----------  --------------  -------------------  ----------------------
/opt/airflow/dags/lic_processing_dag.py                           1           0  0.14s           2025-09-28T08:21:03                      10
================================================================================
[2025-09-28T08:22:02.364+0000] {manager.py:997} INFO - 
================================================================================
DAG File Processing Stats

File Path                                PID    Runtime      # DAGs    # Errors  Last Runtime    Last Run               Last # of DB Queries
---------------------------------------  -----  ---------  --------  ----------  --------------  -------------------  ----------------------
/opt/airflow/dags/lic_processing_dag.py                           1           0  0.17s           2025-09-28T08:21:34                      10
================================================================================
[2025-09-28T08:22:36.156+0000] {manager.py:997} INFO - 
================================================================================
DAG File Processing Stats

File Path                                PID    Runtime      # DAGs    # Errors  Last Runtime    Last Run               Last # of DB Queries
---------------------------------------  -----  ---------  --------  ----------  --------------  -------------------  ----------------------
/opt/airflow/dags/lic_processing_dag.py                           1           0  0.16s           2025-09-28T08:22:35                      10
================================================================================
[2025-09-28T08:23:09.800+0000] {manager.py:997} INFO - 
================================================================================
DAG File Processing Stats

File Path                                PID    Runtime      # DAGs    # Errors  Last Runtime    Last Run               Last # of DB Queries
---------------------------------------  -----  ---------  --------  ----------  --------------  -------------------  ----------------------
/opt/airflow/dags/lic_processing_dag.py                           1           0  0.14s           2025-09-28T08:23:05                      10
================================================================================
[2025-09-28T08:23:43.368+0000] {manager.py:997} INFO - 
================================================================================
DAG File Processing Stats

File Path                                PID    Runtime      # DAGs    # Errors  Last Runtime    Last Run               Last # of DB Queries
---------------------------------------  -----  ---------  --------  ----------  --------------  -------------------  ----------------------
/opt/airflow/dags/lic_processing_dag.py                           1           0  0.14s           2025-09-28T08:23:36                      10
================================================================================
[2025-09-28T08:24:16.960+0000] {manager.py:997} INFO - 
================================================================================
DAG File Processing Stats

File Path                                PID    Runtime      # DAGs    # Errors  Last Runtime    Last Run               Last # of DB Queries
---------------------------------------  -----  ---------  --------  ----------  --------------  -------------------  ----------------------
/opt/airflow/dags/lic_processing_dag.py                           1           0  0.14s           2025-09-28T08:24:06                      10
================================================================================
[2025-09-28T08:24:50.337+0000] {manager.py:997} INFO - 
================================================================================
DAG File Processing Stats

File Path                                PID    Runtime      # DAGs    # Errors  Last Runtime    Last Run               Last # of DB Queries
---------------------------------------  -----  ---------  --------  ----------  --------------  -------------------  ----------------------
/opt/airflow/dags/lic_processing_dag.py                           1           0  0.15s           2025-09-28T08:24:37                      10
================================================================================
[2025-09-28T08:25:19.970+0000] {manager.py:821} INFO - Searching for files in /opt/airflow/dags
[2025-09-28T08:25:20.026+0000] {manager.py:824} INFO - There are 1 files in /opt/airflow/dags
[2025-09-28T08:25:24.104+0000] {manager.py:997} INFO - 
================================================================================
DAG File Processing Stats

File Path                                PID    Runtime      # DAGs    # Errors  Last Runtime    Last Run               Last # of DB Queries
---------------------------------------  -----  ---------  --------  ----------  --------------  -------------------  ----------------------
/opt/airflow/dags/lic_processing_dag.py                           1           0  0.23s           2025-09-28T08:25:08                      10
================================================================================
[2025-09-28T08:25:57.555+0000] {manager.py:997} INFO - 
================================================================================
DAG File Processing Stats

File Path                                PID    Runtime      # DAGs    # Errors  Last Runtime    Last Run               Last # of DB Queries
---------------------------------------  -----  ---------  --------  ----------  --------------  -------------------  ----------------------
/opt/airflow/dags/lic_processing_dag.py                           1           0  0.13s           2025-09-28T08:25:38                      10
================================================================================
[2025-09-28T08:26:31.128+0000] {manager.py:997} INFO - 
================================================================================
DAG File Processing Stats

File Path                                PID    Runtime      # DAGs    # Errors  Last Runtime    Last Run               Last # of DB Queries
---------------------------------------  -----  ---------  --------  ----------  --------------  -------------------  ----------------------
/opt/airflow/dags/lic_processing_dag.py                           1           0  0.25s           2025-09-28T08:26:09                      10
================================================================================
[2025-09-28T08:27:04.813+0000] {manager.py:997} INFO - 
================================================================================
DAG File Processing Stats

File Path                                PID    Runtime      # DAGs    # Errors  Last Runtime    Last Run               Last # of DB Queries
---------------------------------------  -----  ---------  --------  ----------  --------------  -------------------  ----------------------
/opt/airflow/dags/lic_processing_dag.py                           1           0  0.15s           2025-09-28T08:26:39                      10
================================================================================
[2025-09-28T08:27:38.185+0000] {manager.py:997} INFO - 
================================================================================
DAG File Processing Stats

File Path                                PID    Runtime      # DAGs    # Errors  Last Runtime    Last Run               Last # of DB Queries
---------------------------------------  -----  ---------  --------  ----------  --------------  -------------------  ----------------------
/opt/airflow/dags/lic_processing_dag.py                           1           0  0.48s           2025-09-28T08:27:11                      10
================================================================================
[2025-09-28T08:28:11.570+0000] {manager.py:997} INFO - 
================================================================================
DAG File Processing Stats

File Path                                PID    Runtime      # DAGs    # Errors  Last Runtime    Last Run               Last # of DB Queries
---------------------------------------  -----  ---------  --------  ----------  --------------  -------------------  ----------------------
/opt/airflow/dags/lic_processing_dag.py                           1           0  0.16s           2025-09-28T08:27:44                      10
================================================================================
[2025-09-28T08:28:45.141+0000] {manager.py:997} INFO - 
================================================================================
DAG File Processing Stats

File Path                                PID    Runtime      # DAGs    # Errors  Last Runtime    Last Run               Last # of DB Queries
---------------------------------------  -----  ---------  --------  ----------  --------------  -------------------  ----------------------
/opt/airflow/dags/lic_processing_dag.py                           1           0  0.12s           2025-09-28T08:28:15                      10
================================================================================
[2025-09-28T08:29:18.622+0000] {manager.py:997} INFO - 
================================================================================
DAG File Processing Stats

File Path                                PID    Runtime      # DAGs    # Errors  Last Runtime    Last Run               Last # of DB Queries
---------------------------------------  -----  ---------  --------  ----------  --------------  -------------------  ----------------------
/opt/airflow/dags/lic_processing_dag.py                           1           0  0.16s           2025-09-28T08:29:16                      10
================================================================================
[2025-09-28T08:29:52.341+0000] {manager.py:997} INFO - 
================================================================================
DAG File Processing Stats

File Path                                PID    Runtime      # DAGs    # Errors  Last Runtime    Last Run               Last # of DB Queries
---------------------------------------  -----  ---------  --------  ----------  --------------  -------------------  ----------------------
/opt/airflow/dags/lic_processing_dag.py                           1           0  0.16s           2025-09-28T08:29:47                      10
================================================================================
[2025-09-28T08:30:20.810+0000] {manager.py:821} INFO - Searching for files in /opt/airflow/dags
[2025-09-28T08:30:20.866+0000] {manager.py:824} INFO - There are 1 files in /opt/airflow/dags
[2025-09-28T08:30:25.934+0000] {manager.py:997} INFO - 
================================================================================
DAG File Processing Stats

File Path                                PID    Runtime      # DAGs    # Errors  Last Runtime    Last Run               Last # of DB Queries
---------------------------------------  -----  ---------  --------  ----------  --------------  -------------------  ----------------------
/opt/airflow/dags/lic_processing_dag.py                           1           0  0.16s           2025-09-28T08:30:17                      10
================================================================================
[2025-09-28T08:30:59.447+0000] {manager.py:997} INFO - 
================================================================================
DAG File Processing Stats

File Path                                PID    Runtime      # DAGs    # Errors  Last Runtime    Last Run               Last # of DB Queries
---------------------------------------  -----  ---------  --------  ----------  --------------  -------------------  ----------------------
/opt/airflow/dags/lic_processing_dag.py                           1           0  0.14s           2025-09-28T08:30:48                      10
================================================================================
[2025-09-28T08:31:36.314+0000] {manager.py:997} INFO - 
================================================================================
DAG File Processing Stats

File Path                                PID    Runtime      # DAGs    # Errors  Last Runtime    Last Run               Last # of DB Queries
---------------------------------------  -----  ---------  --------  ----------  --------------  -------------------  ----------------------
/opt/airflow/dags/lic_processing_dag.py                           1           0  0.13s           2025-09-28T08:31:18                      10
================================================================================
[2025-09-28T08:32:09.912+0000] {manager.py:997} INFO - 
================================================================================
DAG File Processing Stats

File Path                                PID    Runtime      # DAGs    # Errors  Last Runtime    Last Run               Last # of DB Queries
---------------------------------------  -----  ---------  --------  ----------  --------------  -------------------  ----------------------
/opt/airflow/dags/lic_processing_dag.py                           1           0  0.16s           2025-09-28T08:31:49                      10
================================================================================
[2025-09-28T08:32:43.544+0000] {manager.py:997} INFO - 
================================================================================
DAG File Processing Stats

File Path                                PID    Runtime      # DAGs    # Errors  Last Runtime    Last Run               Last # of DB Queries
---------------------------------------  -----  ---------  --------  ----------  --------------  -------------------  ----------------------
/opt/airflow/dags/lic_processing_dag.py                           1           0  0.15s           2025-09-28T08:32:20                      10
================================================================================
[2025-09-28T08:33:17.260+0000] {manager.py:997} INFO - 
================================================================================
DAG File Processing Stats

File Path                                PID    Runtime      # DAGs    # Errors  Last Runtime    Last Run               Last # of DB Queries
---------------------------------------  -----  ---------  --------  ----------  --------------  -------------------  ----------------------
/opt/airflow/dags/lic_processing_dag.py                           1           0  0.15s           2025-09-28T08:32:50                      10
================================================================================
[2025-09-28T08:33:50.853+0000] {manager.py:997} INFO - 
================================================================================
DAG File Processing Stats

File Path                                PID    Runtime      # DAGs    # Errors  Last Runtime    Last Run               Last # of DB Queries
---------------------------------------  -----  ---------  --------  ----------  --------------  -------------------  ----------------------
/opt/airflow/dags/lic_processing_dag.py                           1           0  0.12s           2025-09-28T08:33:21                      10
================================================================================
[2025-09-28T08:34:24.393+0000] {manager.py:997} INFO - 
================================================================================
DAG File Processing Stats

File Path                                PID    Runtime      # DAGs    # Errors  Last Runtime    Last Run               Last # of DB Queries
---------------------------------------  -----  ---------  --------  ----------  --------------  -------------------  ----------------------
/opt/airflow/dags/lic_processing_dag.py                           1           0  0.14s           2025-09-28T08:34:23                      10
================================================================================
[2025-09-28T08:34:58.038+0000] {manager.py:997} INFO - 
================================================================================
DAG File Processing Stats

File Path                                PID    Runtime      # DAGs    # Errors  Last Runtime    Last Run               Last # of DB Queries
---------------------------------------  -----  ---------  --------  ----------  --------------  -------------------  ----------------------
/opt/airflow/dags/lic_processing_dag.py                           1           0  0.14s           2025-09-28T08:34:56                      10
================================================================================
[2025-09-28T08:35:21.270+0000] {manager.py:821} INFO - Searching for files in /opt/airflow/dags
[2025-09-28T08:35:21.324+0000] {manager.py:824} INFO - There are 1 files in /opt/airflow/dags
[2025-09-28T08:35:31.644+0000] {manager.py:997} INFO - 
================================================================================
DAG File Processing Stats

File Path                                PID    Runtime      # DAGs    # Errors  Last Runtime    Last Run               Last # of DB Queries
---------------------------------------  -----  ---------  --------  ----------  --------------  -------------------  ----------------------
/opt/airflow/dags/lic_processing_dag.py                           1           0  0.15s           2025-09-28T08:35:29                      10
================================================================================
[2025-09-28T08:36:05.291+0000] {manager.py:997} INFO - 
================================================================================
DAG File Processing Stats

File Path                                PID    Runtime      # DAGs    # Errors  Last Runtime    Last Run               Last # of DB Queries
---------------------------------------  -----  ---------  --------  ----------  --------------  -------------------  ----------------------
/opt/airflow/dags/lic_processing_dag.py                           1           0  0.14s           2025-09-28T08:36:00                      10
================================================================================
[2025-09-28T08:36:38.830+0000] {manager.py:997} INFO - 
================================================================================
DAG File Processing Stats

File Path                                PID    Runtime      # DAGs    # Errors  Last Runtime    Last Run               Last # of DB Queries
---------------------------------------  -----  ---------  --------  ----------  --------------  -------------------  ----------------------
/opt/airflow/dags/lic_processing_dag.py                           1           0  0.17s           2025-09-28T08:36:31                      10
================================================================================
[2025-09-28T08:37:12.537+0000] {manager.py:997} INFO - 
================================================================================
DAG File Processing Stats

File Path                                PID    Runtime      # DAGs    # Errors  Last Runtime    Last Run               Last # of DB Queries
---------------------------------------  -----  ---------  --------  ----------  --------------  -------------------  ----------------------
/opt/airflow/dags/lic_processing_dag.py                           1           0  0.14s           2025-09-28T08:37:02                      10
================================================================================
[2025-09-28T08:37:46.181+0000] {manager.py:997} INFO - 
================================================================================
DAG File Processing Stats

File Path                                PID    Runtime      # DAGs    # Errors  Last Runtime    Last Run               Last # of DB Queries
---------------------------------------  -----  ---------  --------  ----------  --------------  -------------------  ----------------------
/opt/airflow/dags/lic_processing_dag.py                           1           0  0.16s           2025-09-28T08:37:32                      10
================================================================================
[2025-09-28T08:38:19.516+0000] {manager.py:997} INFO - 
================================================================================
DAG File Processing Stats

File Path                                PID    Runtime      # DAGs    # Errors  Last Runtime    Last Run               Last # of DB Queries
---------------------------------------  -----  ---------  --------  ----------  --------------  -------------------  ----------------------
/opt/airflow/dags/lic_processing_dag.py                           1           0  0.16s           2025-09-28T08:38:03                      10
================================================================================
[2025-09-28T08:38:53.013+0000] {manager.py:997} INFO - 
================================================================================
DAG File Processing Stats

File Path                                PID    Runtime      # DAGs    # Errors  Last Runtime    Last Run               Last # of DB Queries
---------------------------------------  -----  ---------  --------  ----------  --------------  -------------------  ----------------------
/opt/airflow/dags/lic_processing_dag.py                           1           0  0.15s           2025-09-28T08:38:33                      10
================================================================================
[2025-09-28T08:39:26.568+0000] {manager.py:997} INFO - 
================================================================================
DAG File Processing Stats

File Path                                PID    Runtime      # DAGs    # Errors  Last Runtime    Last Run               Last # of DB Queries
---------------------------------------  -----  ---------  --------  ----------  --------------  -------------------  ----------------------
/opt/airflow/dags/lic_processing_dag.py                           1           0  0.14s           2025-09-28T08:39:04                      10
================================================================================
[2025-09-28T08:40:00.178+0000] {manager.py:997} INFO - 
================================================================================
DAG File Processing Stats

File Path                                PID    Runtime      # DAGs    # Errors  Last Runtime    Last Run               Last # of DB Queries
---------------------------------------  -----  ---------  --------  ----------  --------------  -------------------  ----------------------
/opt/airflow/dags/lic_processing_dag.py                           1           0  0.15s           2025-09-28T08:39:34                      10
================================================================================
[2025-09-28T08:40:21.440+0000] {manager.py:821} INFO - Searching for files in /opt/airflow/dags
[2025-09-28T08:40:21.486+0000] {manager.py:824} INFO - There are 1 files in /opt/airflow/dags
[2025-09-28T08:40:33.882+0000] {manager.py:997} INFO - 
================================================================================
DAG File Processing Stats

File Path                                PID    Runtime      # DAGs    # Errors  Last Runtime    Last Run               Last # of DB Queries
---------------------------------------  -----  ---------  --------  ----------  --------------  -------------------  ----------------------
/opt/airflow/dags/lic_processing_dag.py                           1           0  0.15s           2025-09-28T08:40:05                      10
================================================================================
[2025-09-28T08:41:07.652+0000] {manager.py:997} INFO - 
================================================================================
DAG File Processing Stats

File Path                                PID    Runtime      # DAGs    # Errors  Last Runtime    Last Run               Last # of DB Queries
---------------------------------------  -----  ---------  --------  ----------  --------------  -------------------  ----------------------
/opt/airflow/dags/lic_processing_dag.py                           1           0  0.16s           2025-09-28T08:41:06                      10
================================================================================
[2025-09-28T08:41:41.232+0000] {manager.py:997} INFO - 
================================================================================
DAG File Processing Stats

File Path                                PID    Runtime      # DAGs    # Errors  Last Runtime    Last Run               Last # of DB Queries
---------------------------------------  -----  ---------  --------  ----------  --------------  -------------------  ----------------------
/opt/airflow/dags/lic_processing_dag.py                           1           0  0.14s           2025-09-28T08:41:37                      10
================================================================================
[2025-09-28T08:42:14.852+0000] {manager.py:997} INFO - 
================================================================================
DAG File Processing Stats

File Path                                PID    Runtime      # DAGs    # Errors  Last Runtime    Last Run               Last # of DB Queries
---------------------------------------  -----  ---------  --------  ----------  --------------  -------------------  ----------------------
/opt/airflow/dags/lic_processing_dag.py                           1           0  0.17s           2025-09-28T08:42:08                      10
================================================================================
[2025-09-28T08:42:46.852+0000] {manager.py:997} INFO - 
================================================================================
DAG File Processing Stats

File Path                                PID    Runtime      # DAGs    # Errors  Last Runtime    Last Run               Last # of DB Queries
---------------------------------------  -----  ---------  --------  ----------  --------------  -------------------  ----------------------
/opt/airflow/dags/lic_processing_dag.py                           1           0  0.16s           2025-09-28T08:42:39                      10
================================================================================
[2025-09-28T08:43:22.084+0000] {manager.py:997} INFO - 
================================================================================
DAG File Processing Stats

File Path                                PID    Runtime      # DAGs    # Errors  Last Runtime    Last Run               Last # of DB Queries
---------------------------------------  -----  ---------  --------  ----------  --------------  -------------------  ----------------------
/opt/airflow/dags/lic_processing_dag.py                           1           0  0.15s           2025-09-28T08:43:10                      10
================================================================================
[2025-09-28T08:43:55.752+0000] {manager.py:997} INFO - 
================================================================================
DAG File Processing Stats

File Path                                PID    Runtime      # DAGs    # Errors  Last Runtime    Last Run               Last # of DB Queries
---------------------------------------  -----  ---------  --------  ----------  --------------  -------------------  ----------------------
/opt/airflow/dags/lic_processing_dag.py                           1           0  0.15s           2025-09-28T08:43:41                      10
================================================================================
[2025-09-28T08:44:29.519+0000] {manager.py:997} INFO - 
================================================================================
DAG File Processing Stats

File Path                                PID    Runtime      # DAGs    # Errors  Last Runtime    Last Run               Last # of DB Queries
---------------------------------------  -----  ---------  --------  ----------  --------------  -------------------  ----------------------
/opt/airflow/dags/lic_processing_dag.py                           1           0  0.29s           2025-09-28T08:44:12                      10
================================================================================
[2025-09-28T08:45:03.210+0000] {manager.py:997} INFO - 
================================================================================
DAG File Processing Stats

File Path                                PID    Runtime      # DAGs    # Errors  Last Runtime    Last Run               Last # of DB Queries
---------------------------------------  -----  ---------  --------  ----------  --------------  -------------------  ----------------------
/opt/airflow/dags/lic_processing_dag.py                           1           0  0.14s           2025-09-28T08:44:42                      10
================================================================================
[2025-09-28T08:45:21.547+0000] {manager.py:821} INFO - Searching for files in /opt/airflow/dags
[2025-09-28T08:45:21.596+0000] {manager.py:824} INFO - There are 1 files in /opt/airflow/dags
[2025-09-28T08:45:36.841+0000] {manager.py:997} INFO - 
================================================================================
DAG File Processing Stats

File Path                                PID    Runtime      # DAGs    # Errors  Last Runtime    Last Run               Last # of DB Queries
---------------------------------------  -----  ---------  --------  ----------  --------------  -------------------  ----------------------
/opt/airflow/dags/lic_processing_dag.py                           1           0  0.15s           2025-09-28T08:45:13                      10
================================================================================
[2025-09-28T08:46:10.412+0000] {manager.py:997} INFO - 
================================================================================
DAG File Processing Stats

File Path                                PID    Runtime      # DAGs    # Errors  Last Runtime    Last Run               Last # of DB Queries
---------------------------------------  -----  ---------  --------  ----------  --------------  -------------------  ----------------------
/opt/airflow/dags/lic_processing_dag.py                           1           0  0.16s           2025-09-28T08:45:44                      10
================================================================================
[2025-09-28T08:46:44.072+0000] {manager.py:997} INFO - 
================================================================================
DAG File Processing Stats

File Path                                PID    Runtime      # DAGs    # Errors  Last Runtime    Last Run               Last # of DB Queries
---------------------------------------  -----  ---------  --------  ----------  --------------  -------------------  ----------------------
/opt/airflow/dags/lic_processing_dag.py                           1           0  0.15s           2025-09-28T08:46:14                      10
================================================================================
[2025-09-28T08:47:17.842+0000] {manager.py:997} INFO - 
================================================================================
DAG File Processing Stats

File Path                                PID    Runtime      # DAGs    # Errors  Last Runtime    Last Run               Last # of DB Queries
---------------------------------------  -----  ---------  --------  ----------  --------------  -------------------  ----------------------
/opt/airflow/dags/lic_processing_dag.py                           1           0  0.14s           2025-09-28T08:47:15                      10
================================================================================
[2025-09-28T08:47:51.525+0000] {manager.py:997} INFO - 
================================================================================
DAG File Processing Stats

File Path                                PID    Runtime      # DAGs    # Errors  Last Runtime    Last Run               Last # of DB Queries
---------------------------------------  -----  ---------  --------  ----------  --------------  -------------------  ----------------------
/opt/airflow/dags/lic_processing_dag.py                           1           0  0.15s           2025-09-28T08:47:46                      10
================================================================================
[2025-09-28T08:48:24.973+0000] {manager.py:997} INFO - 
================================================================================
DAG File Processing Stats

File Path                                PID    Runtime      # DAGs    # Errors  Last Runtime    Last Run               Last # of DB Queries
---------------------------------------  -----  ---------  --------  ----------  --------------  -------------------  ----------------------
/opt/airflow/dags/lic_processing_dag.py                           1           0  0.16s           2025-09-28T08:48:17                      10
================================================================================
[2025-09-28T08:48:58.656+0000] {manager.py:997} INFO - 
================================================================================
DAG File Processing Stats

File Path                                PID    Runtime      # DAGs    # Errors  Last Runtime    Last Run               Last # of DB Queries
---------------------------------------  -----  ---------  --------  ----------  --------------  -------------------  ----------------------
/opt/airflow/dags/lic_processing_dag.py                           1           0  0.15s           2025-09-28T08:48:47                      10
================================================================================
[2025-09-28T08:49:32.332+0000] {manager.py:997} INFO - 
================================================================================
DAG File Processing Stats

File Path                                PID    Runtime      # DAGs    # Errors  Last Runtime    Last Run               Last # of DB Queries
---------------------------------------  -----  ---------  --------  ----------  --------------  -------------------  ----------------------
/opt/airflow/dags/lic_processing_dag.py                           1           0  1.36s           2025-09-28T08:49:22                      10
================================================================================
[2025-09-28T08:50:06.319+0000] {manager.py:997} INFO - 
================================================================================
DAG File Processing Stats

File Path                                PID    Runtime      # DAGs    # Errors  Last Runtime    Last Run               Last # of DB Queries
---------------------------------------  -----  ---------  --------  ----------  --------------  -------------------  ----------------------
/opt/airflow/dags/lic_processing_dag.py                           1           0  0.19s           2025-09-28T08:49:54                      10
================================================================================
[2025-09-28T08:50:21.660+0000] {manager.py:821} INFO - Searching for files in /opt/airflow/dags
[2025-09-28T08:50:21.716+0000] {manager.py:824} INFO - There are 1 files in /opt/airflow/dags
[2025-09-28T08:50:40.136+0000] {manager.py:997} INFO - 
================================================================================
DAG File Processing Stats

File Path                                PID    Runtime      # DAGs    # Errors  Last Runtime    Last Run               Last # of DB Queries
---------------------------------------  -----  ---------  --------  ----------  --------------  -------------------  ----------------------
/opt/airflow/dags/lic_processing_dag.py                           1           0  0.15s           2025-09-28T08:50:25                      10
================================================================================
[2025-09-28T08:51:13.869+0000] {manager.py:997} INFO - 
================================================================================
DAG File Processing Stats

File Path                                PID    Runtime      # DAGs    # Errors  Last Runtime    Last Run               Last # of DB Queries
---------------------------------------  -----  ---------  --------  ----------  --------------  -------------------  ----------------------
/opt/airflow/dags/lic_processing_dag.py                           1           0  0.15s           2025-09-28T08:50:56                      10
================================================================================
[2025-09-28T08:51:47.522+0000] {manager.py:997} INFO - 
================================================================================
DAG File Processing Stats

File Path                                PID    Runtime      # DAGs    # Errors  Last Runtime    Last Run               Last # of DB Queries
---------------------------------------  -----  ---------  --------  ----------  --------------  -------------------  ----------------------
/opt/airflow/dags/lic_processing_dag.py                           1           0  0.15s           2025-09-28T08:51:27                      10
================================================================================
[2025-09-28T08:52:21.184+0000] {manager.py:997} INFO - 
================================================================================
DAG File Processing Stats

File Path                                PID    Runtime      # DAGs    # Errors  Last Runtime    Last Run               Last # of DB Queries
---------------------------------------  -----  ---------  --------  ----------  --------------  -------------------  ----------------------
/opt/airflow/dags/lic_processing_dag.py                           1           0  0.29s           2025-09-28T08:51:57                      10
================================================================================
[2025-09-28T08:52:54.745+0000] {manager.py:997} INFO - 
================================================================================
DAG File Processing Stats

File Path                                PID    Runtime      # DAGs    # Errors  Last Runtime    Last Run               Last # of DB Queries
---------------------------------------  -----  ---------  --------  ----------  --------------  -------------------  ----------------------
/opt/airflow/dags/lic_processing_dag.py                           1           0  0.12s           2025-09-28T08:52:28                      10
================================================================================
[2025-09-28T08:53:28.460+0000] {manager.py:997} INFO - 
================================================================================
DAG File Processing Stats

File Path                                PID    Runtime      # DAGs    # Errors  Last Runtime    Last Run               Last # of DB Queries
---------------------------------------  -----  ---------  --------  ----------  --------------  -------------------  ----------------------
/opt/airflow/dags/lic_processing_dag.py                           1           0  0.15s           2025-09-28T08:52:58                      10
================================================================================
[2025-09-28T08:54:02.215+0000] {manager.py:997} INFO - 
================================================================================
DAG File Processing Stats

File Path                                PID    Runtime      # DAGs    # Errors  Last Runtime    Last Run               Last # of DB Queries
---------------------------------------  -----  ---------  --------  ----------  --------------  -------------------  ----------------------
/opt/airflow/dags/lic_processing_dag.py                           1           0  0.15s           2025-09-28T08:54:00                      10
================================================================================
[2025-09-28T08:54:35.839+0000] {manager.py:997} INFO - 
================================================================================
DAG File Processing Stats

File Path                                PID    Runtime      # DAGs    # Errors  Last Runtime    Last Run               Last # of DB Queries
---------------------------------------  -----  ---------  --------  ----------  --------------  -------------------  ----------------------
/opt/airflow/dags/lic_processing_dag.py                           1           0  0.14s           2025-09-28T08:54:30                      10
================================================================================
[2025-09-28T08:55:09.435+0000] {manager.py:997} INFO - 
================================================================================
DAG File Processing Stats

File Path                                PID    Runtime      # DAGs    # Errors  Last Runtime    Last Run               Last # of DB Queries
---------------------------------------  -----  ---------  --------  ----------  --------------  -------------------  ----------------------
/opt/airflow/dags/lic_processing_dag.py                           1           0  0.27s           2025-09-28T08:55:01                      10
================================================================================
[2025-09-28T08:55:21.748+0000] {manager.py:821} INFO - Searching for files in /opt/airflow/dags
[2025-09-28T08:55:21.798+0000] {manager.py:824} INFO - There are 1 files in /opt/airflow/dags
[2025-09-28T08:55:43.104+0000] {manager.py:997} INFO - 
================================================================================
DAG File Processing Stats

File Path                                PID    Runtime      # DAGs    # Errors  Last Runtime    Last Run               Last # of DB Queries
---------------------------------------  -----  ---------  --------  ----------  --------------  -------------------  ----------------------
/opt/airflow/dags/lic_processing_dag.py                           1           0  0.15s           2025-09-28T08:55:32                      10
================================================================================
[2025-09-28T08:56:16.784+0000] {manager.py:997} INFO - 
================================================================================
DAG File Processing Stats

File Path                                PID    Runtime      # DAGs    # Errors  Last Runtime    Last Run               Last # of DB Queries
---------------------------------------  -----  ---------  --------  ----------  --------------  -------------------  ----------------------
/opt/airflow/dags/lic_processing_dag.py                           1           0  0.15s           2025-09-28T08:56:02                      10
================================================================================
[2025-09-28T08:56:50.407+0000] {manager.py:997} INFO - 
================================================================================
DAG File Processing Stats

File Path                                PID    Runtime      # DAGs    # Errors  Last Runtime    Last Run               Last # of DB Queries
---------------------------------------  -----  ---------  --------  ----------  --------------  -------------------  ----------------------
/opt/airflow/dags/lic_processing_dag.py                           1           0  0.16s           2025-09-28T08:56:34                      10
================================================================================
[2025-09-28T08:57:24.045+0000] {manager.py:997} INFO - 
================================================================================
DAG File Processing Stats

File Path                                PID    Runtime      # DAGs    # Errors  Last Runtime    Last Run               Last # of DB Queries
---------------------------------------  -----  ---------  --------  ----------  --------------  -------------------  ----------------------
/opt/airflow/dags/lic_processing_dag.py                           1           0  0.15s           2025-09-28T08:57:05                      10
================================================================================
[2025-09-28T08:57:57.637+0000] {manager.py:997} INFO - 
================================================================================
DAG File Processing Stats

File Path                                PID    Runtime      # DAGs    # Errors  Last Runtime    Last Run               Last # of DB Queries
---------------------------------------  -----  ---------  --------  ----------  --------------  -------------------  ----------------------
/opt/airflow/dags/lic_processing_dag.py                           1           0  0.38s           2025-09-28T08:57:36                      10
================================================================================
[2025-09-28T08:58:31.278+0000] {manager.py:997} INFO - 
================================================================================
DAG File Processing Stats

File Path                                PID    Runtime      # DAGs    # Errors  Last Runtime    Last Run               Last # of DB Queries
---------------------------------------  -----  ---------  --------  ----------  --------------  -------------------  ----------------------
/opt/airflow/dags/lic_processing_dag.py                           1           0  0.29s           2025-09-28T08:58:07                      10
================================================================================
[2025-09-28T08:59:05.344+0000] {manager.py:997} INFO - 
================================================================================
DAG File Processing Stats

File Path                                PID    Runtime      # DAGs    # Errors  Last Runtime    Last Run               Last # of DB Queries
---------------------------------------  -----  ---------  --------  ----------  --------------  -------------------  ----------------------
/opt/airflow/dags/lic_processing_dag.py                           1           0  0.30s           2025-09-28T08:58:37                      10
================================================================================
[2025-09-28T08:59:39.030+0000] {manager.py:997} INFO - 
================================================================================
DAG File Processing Stats

File Path                                  PID  Runtime      # DAGs    # Errors  Last Runtime    Last Run               Last # of DB Queries
---------------------------------------  -----  ---------  --------  ----------  --------------  -------------------  ----------------------
/opt/airflow/dags/lic_processing_dag.py    632  0.01s             1           0  0.17s           2025-09-28T08:59:08                      10
================================================================================
[2025-09-28T09:00:12.800+0000] {manager.py:997} INFO - 
================================================================================
DAG File Processing Stats

File Path                                PID    Runtime      # DAGs    # Errors  Last Runtime    Last Run               Last # of DB Queries
---------------------------------------  -----  ---------  --------  ----------  --------------  -------------------  ----------------------
/opt/airflow/dags/lic_processing_dag.py                           1           0  0.13s           2025-09-28T09:00:09                      10
================================================================================
[2025-09-28T09:00:21.944+0000] {manager.py:821} INFO - Searching for files in /opt/airflow/dags
[2025-09-28T09:00:22.004+0000] {manager.py:824} INFO - There are 1 files in /opt/airflow/dags
[2025-09-28T09:00:46.692+0000] {manager.py:997} INFO - 
================================================================================
DAG File Processing Stats

File Path                                PID    Runtime      # DAGs    # Errors  Last Runtime    Last Run               Last # of DB Queries
---------------------------------------  -----  ---------  --------  ----------  --------------  -------------------  ----------------------
/opt/airflow/dags/lic_processing_dag.py                           1           0  0.18s           2025-09-28T09:00:40                      10
================================================================================
[2025-09-28T09:01:20.638+0000] {manager.py:997} INFO - 
================================================================================
DAG File Processing Stats

File Path                                PID    Runtime      # DAGs    # Errors  Last Runtime    Last Run               Last # of DB Queries
---------------------------------------  -----  ---------  --------  ----------  --------------  -------------------  ----------------------
/opt/airflow/dags/lic_processing_dag.py                           1           0  0.19s           2025-09-28T09:01:11                      10
================================================================================
[2025-09-28T09:01:54.227+0000] {manager.py:997} INFO - 
================================================================================
DAG File Processing Stats

File Path                                PID    Runtime      # DAGs    # Errors  Last Runtime    Last Run               Last # of DB Queries
---------------------------------------  -----  ---------  --------  ----------  --------------  -------------------  ----------------------
/opt/airflow/dags/lic_processing_dag.py                           1           0  0.16s           2025-09-28T09:01:42                      10
================================================================================
[2025-09-28T09:02:28.017+0000] {manager.py:997} INFO - 
================================================================================
DAG File Processing Stats

File Path                                PID    Runtime      # DAGs    # Errors  Last Runtime    Last Run               Last # of DB Queries
---------------------------------------  -----  ---------  --------  ----------  --------------  -------------------  ----------------------
/opt/airflow/dags/lic_processing_dag.py                           1           0  0.21s           2025-09-28T09:02:12                      10
================================================================================
[2025-09-28T09:04:04.877+0000] {manager.py:997} INFO - 
================================================================================
DAG File Processing Stats

File Path                                  PID  Runtime      # DAGs    # Errors  Last Runtime    Last Run               Last # of DB Queries
---------------------------------------  -----  ---------  --------  ----------  --------------  -------------------  ----------------------
/opt/airflow/dags/lic_processing_dag.py    678  0.26s             1           0  0.17s           2025-09-28T09:02:43                      10
================================================================================
[2025-09-28T09:05:23.591+0000] {manager.py:821} INFO - Searching for files in /opt/airflow/dags
[2025-09-28T09:05:23.876+0000] {manager.py:824} INFO - There are 1 files in /opt/airflow/dags
[2025-09-28T09:05:23.963+0000] {manager.py:1366} ERROR - Processor for /opt/airflow/dags/lic_processing_dag.py with PID 678 started at 2025-09-28T09:03:43.144133+00:00 has timed out, killing it.
[2025-09-28T09:05:24.149+0000] {manager.py:997} INFO - 
================================================================================
DAG File Processing Stats

File Path                                PID    Runtime      # DAGs    # Errors  Last Runtime    Last Run               Last # of DB Queries
---------------------------------------  -----  ---------  --------  ----------  --------------  -------------------  ----------------------
/opt/airflow/dags/lic_processing_dag.py                           0           1  100.82s         2025-09-28T09:05:23                       0
================================================================================
[2025-09-28T09:05:55.530+0000] {manager.py:997} INFO - 
================================================================================
DAG File Processing Stats

File Path                                PID    Runtime      # DAGs    # Errors  Last Runtime    Last Run               Last # of DB Queries
---------------------------------------  -----  ---------  --------  ----------  --------------  -------------------  ----------------------
/opt/airflow/dags/lic_processing_dag.py                           1           0  0.76s           2025-09-28T09:05:55                      32
================================================================================
[2025-09-28T09:06:29.327+0000] {manager.py:997} INFO - 
================================================================================
DAG File Processing Stats

File Path                                PID    Runtime      # DAGs    # Errors  Last Runtime    Last Run               Last # of DB Queries
---------------------------------------  -----  ---------  --------  ----------  --------------  -------------------  ----------------------
/opt/airflow/dags/lic_processing_dag.py                           1           0  0.27s           2025-09-28T09:06:26                      10
================================================================================
[2025-09-28T09:07:04.577+0000] {manager.py:997} INFO - 
================================================================================
DAG File Processing Stats

File Path                                PID    Runtime      # DAGs    # Errors  Last Runtime    Last Run               Last # of DB Queries
---------------------------------------  -----  ---------  --------  ----------  --------------  -------------------  ----------------------
/opt/airflow/dags/lic_processing_dag.py                           1           0  0.38s           2025-09-28T09:06:58                      10
================================================================================
[2025-09-28T09:07:36.395+0000] {manager.py:997} INFO - 
================================================================================
DAG File Processing Stats

File Path                                PID    Runtime      # DAGs    # Errors  Last Runtime    Last Run               Last # of DB Queries
---------------------------------------  -----  ---------  --------  ----------  --------------  -------------------  ----------------------
/opt/airflow/dags/lic_processing_dag.py                           1           0  0.20s           2025-09-28T09:07:29                      10
================================================================================
[2025-09-28T09:08:09.944+0000] {manager.py:997} INFO - 
================================================================================
DAG File Processing Stats

File Path                                PID    Runtime      # DAGs    # Errors  Last Runtime    Last Run               Last # of DB Queries
---------------------------------------  -----  ---------  --------  ----------  --------------  -------------------  ----------------------
/opt/airflow/dags/lic_processing_dag.py                           1           0  0.17s           2025-09-28T09:08:00                      10
================================================================================
[2025-09-28T09:08:43.652+0000] {manager.py:997} INFO - 
================================================================================
DAG File Processing Stats

File Path                                PID    Runtime      # DAGs    # Errors  Last Runtime    Last Run               Last # of DB Queries
---------------------------------------  -----  ---------  --------  ----------  --------------  -------------------  ----------------------
/opt/airflow/dags/lic_processing_dag.py                           1           0  0.17s           2025-09-28T09:08:30                      10
================================================================================
[2025-09-28T09:09:17.269+0000] {manager.py:997} INFO - 
================================================================================
DAG File Processing Stats

File Path                                PID    Runtime      # DAGs    # Errors  Last Runtime    Last Run               Last # of DB Queries
---------------------------------------  -----  ---------  --------  ----------  --------------  -------------------  ----------------------
/opt/airflow/dags/lic_processing_dag.py                           1           0  0.16s           2025-09-28T09:09:01                      10
================================================================================
[2025-09-28T09:14:29.623+0000] {manager.py:483} INFO - Processing files using up to 2 processes at a time 
[2025-09-28T09:14:29.626+0000] {manager.py:484} INFO - Process each file at most once every 30 seconds
[2025-09-28T09:14:29.627+0000] {manager.py:485} INFO - Checking for new files in /opt/airflow/dags every 300 seconds
[2025-09-28T09:14:29.628+0000] {manager.py:821} INFO - Searching for files in /opt/airflow/dags
[2025-09-28T09:14:29.726+0000] {manager.py:824} INFO - There are 1 files in /opt/airflow/dags
[2025-09-28T09:14:29.848+0000] {manager.py:997} INFO - 
================================================================================
DAG File Processing Stats

File Path                                  PID  Runtime      # DAGs    # Errors  Last Runtime    Last Run      Last # of DB Queries
---------------------------------------  -----  ---------  --------  ----------  --------------  ----------  ----------------------
/opt/airflow/dags/lic_processing_dag.py     98  0.05s             0           0                                                   0
================================================================================
[2025-09-28T09:15:02.599+0000] {manager.py:997} INFO - 
================================================================================
DAG File Processing Stats

File Path                                PID    Runtime      # DAGs    # Errors  Last Runtime    Last Run               Last # of DB Queries
---------------------------------------  -----  ---------  --------  ----------  --------------  -------------------  ----------------------
/opt/airflow/dags/lic_processing_dag.py                           1           0  0.21s           2025-09-28T09:15:00                      10
================================================================================
[2025-09-28T09:15:35.195+0000] {manager.py:997} INFO - 
================================================================================
DAG File Processing Stats

File Path                                PID    Runtime      # DAGs    # Errors  Last Runtime    Last Run               Last # of DB Queries
---------------------------------------  -----  ---------  --------  ----------  --------------  -------------------  ----------------------
/opt/airflow/dags/lic_processing_dag.py                           1           0  0.14s           2025-09-28T09:15:31                      10
================================================================================
[2025-09-28T09:16:07.671+0000] {manager.py:997} INFO - 
================================================================================
DAG File Processing Stats

File Path                                PID    Runtime      # DAGs    # Errors  Last Runtime    Last Run               Last # of DB Queries
---------------------------------------  -----  ---------  --------  ----------  --------------  -------------------  ----------------------
/opt/airflow/dags/lic_processing_dag.py                           1           0  0.17s           2025-09-28T09:16:01                      10
================================================================================
[2025-09-28T09:16:40.432+0000] {manager.py:997} INFO - 
================================================================================
DAG File Processing Stats

File Path                                PID    Runtime      # DAGs    # Errors  Last Runtime    Last Run               Last # of DB Queries
---------------------------------------  -----  ---------  --------  ----------  --------------  -------------------  ----------------------
/opt/airflow/dags/lic_processing_dag.py                           1           0  0.16s           2025-09-28T09:16:32                      10
================================================================================
[2025-09-28T18:57:53.674+0000] {manager.py:483} INFO - Processing files using up to 2 processes at a time 
[2025-09-28T18:57:53.678+0000] {manager.py:484} INFO - Process each file at most once every 30 seconds
[2025-09-28T18:57:53.681+0000] {manager.py:485} INFO - Checking for new files in /opt/airflow/dags every 300 seconds
[2025-09-28T18:57:53.684+0000] {manager.py:821} INFO - Searching for files in /opt/airflow/dags
[2025-09-28T18:57:54.078+0000] {manager.py:824} INFO - There are 1 files in /opt/airflow/dags
[2025-09-28T18:57:54.390+0000] {manager.py:997} INFO - 
================================================================================
DAG File Processing Stats

File Path                                  PID  Runtime      # DAGs    # Errors  Last Runtime    Last Run      Last # of DB Queries
---------------------------------------  -----  ---------  --------  ----------  --------------  ----------  ----------------------
/opt/airflow/dags/lic_processing_dag.py     48  0.14s             0           0                                                   0
================================================================================
[2025-09-28T18:58:26.717+0000] {manager.py:997} INFO - 
================================================================================
DAG File Processing Stats

File Path                                  PID  Runtime      # DAGs    # Errors  Last Runtime    Last Run               Last # of DB Queries
---------------------------------------  -----  ---------  --------  ----------  --------------  -------------------  ----------------------
/opt/airflow/dags/lic_processing_dag.py     56  0.24s             1           0  1.55s           2025-09-28T18:57:55                      43
================================================================================
[2025-09-28T18:58:59.843+0000] {manager.py:997} INFO - 
================================================================================
DAG File Processing Stats

File Path                                  PID  Runtime      # DAGs    # Errors  Last Runtime    Last Run               Last # of DB Queries
---------------------------------------  -----  ---------  --------  ----------  --------------  -------------------  ----------------------
/opt/airflow/dags/lic_processing_dag.py     57  0.01s             1           0  2.46s           2025-09-28T18:58:28                      10
================================================================================
[2025-09-28T18:59:32.418+0000] {manager.py:997} INFO - 
================================================================================
DAG File Processing Stats

File Path                                PID    Runtime      # DAGs    # Errors  Last Runtime    Last Run               Last # of DB Queries
---------------------------------------  -----  ---------  --------  ----------  --------------  -------------------  ----------------------
/opt/airflow/dags/lic_processing_dag.py                           1           0  0.80s           2025-09-28T18:59:31                      10
================================================================================
[2025-09-28T19:00:05.169+0000] {manager.py:997} INFO - 
================================================================================
DAG File Processing Stats

File Path                                PID    Runtime      # DAGs    # Errors  Last Runtime    Last Run               Last # of DB Queries
---------------------------------------  -----  ---------  --------  ----------  --------------  -------------------  ----------------------
/opt/airflow/dags/lic_processing_dag.py                           1           0  0.29s           2025-09-28T19:00:02                      10
================================================================================
[2025-09-28T19:00:37.923+0000] {manager.py:997} INFO - 
================================================================================
DAG File Processing Stats

File Path                                PID    Runtime      # DAGs    # Errors  Last Runtime    Last Run               Last # of DB Queries
---------------------------------------  -----  ---------  --------  ----------  --------------  -------------------  ----------------------
/opt/airflow/dags/lic_processing_dag.py                           1           0  0.34s           2025-09-28T19:00:33                      10
================================================================================
[2025-09-28T19:01:10.788+0000] {manager.py:997} INFO - 
================================================================================
DAG File Processing Stats

File Path                                PID    Runtime      # DAGs    # Errors  Last Runtime    Last Run               Last # of DB Queries
---------------------------------------  -----  ---------  --------  ----------  --------------  -------------------  ----------------------
/opt/airflow/dags/lic_processing_dag.py                           1           0  0.32s           2025-09-28T19:01:03                      10
================================================================================
[2025-09-28T19:01:38.949+0000] {manager.py:465} INFO - Exiting gracefully upon receiving signal 15
[2025-09-28T19:01:38.955+0000] {manager.py:465} INFO - Exiting gracefully upon receiving signal 15
